<?xml version="1.0" encoding="UTF-8"?>
<testng-results ignored="0" total="2" passed="2" failed="0" skipped="0">
  <reporter-output>
  </reporter-output>
  <suite started-at="2022-12-02T12:44:49 EET" name="Default suite" finished-at="2022-12-02T12:45:09 EET" duration-ms="20762">
    <groups>
    </groups>
    <test started-at="2022-12-02T12:44:49 EET" name="Default test" finished-at="2022-12-02T12:45:09 EET" duration-ms="20762">
      <class name="stageing.Cart">
        <test-method is-config="true" signature="BeforeMyTest()[pri:0, instance:stageing.Cart@7bab3f1a]" started-at="2022-12-02T12:44:49 EET" name="BeforeMyTest" finished-at="2022-12-02T12:45:01 EET" duration-ms="12304" status="PASS">
          <reporter-output>
          </reporter-output>
        </test-method> <!-- BeforeMyTest -->
        <test-method signature="Check_Discount_Item_()[pri:0, instance:stageing.Cart@7bab3f1a]" started-at="2022-12-02T12:45:01 EET" name="Check_Discount_Item_" finished-at="2022-12-02T12:45:01 EET" duration-ms="120" status="PASS">
          <reporter-output>
          </reporter-output>
        </test-method> <!-- Check_Discount_Item_ -->
        <test-method signature="test_DELL_G15()[pri:0, instance:stageing.Cart@7bab3f1a]" started-at="2022-12-02T12:45:01 EET" name="test_DELL_G15" finished-at="2022-12-02T12:45:09 EET" duration-ms="8244" status="PASS">
          <reporter-output>
          </reporter-output>
        </test-method> <!-- test_DELL_G15 -->
      </class> <!-- stageing.Cart -->
    </test> <!-- Default test -->
  </suite> <!-- Default suite -->
</testng-results>
